# JRE version: OpenJDK Runtime Environment (21.0.6) (build 21.0.6+-13368085-b895.109)
# Java VM: OpenJDK 64-Bit Server VM (21.0.6+-13368085-b895.109, mixed mode, tiered, compressed oops, compressed class ptrs, g1 gc, windows-amd64)
GC Precious Log:
 CardTable entry size: 512
 Card Set container configuration: InlinePtr #cards 5 size 8 Array Of Cards #cards 12 size 40 Howl #buckets 4 coarsen threshold 1843 Howl Bitmap #cards 512 size 80 coarsen threshold 460 Card regions per heap region 1 cards per card region 2048
 CPUs: 12 total, 12 available
 Memory: 16265M
 Large Page Support: Disabled
 NUMA Support: Disabled
 Compressed Oops: Enabled (32-bit)
 Heap Region Size: 1M
 Heap Min Capacity: 8M
 Heap Initial Capacity: 256M
 Heap Max Capacity: 2G
 Pre-touch: Disabled
 Parallel Workers: 10
 Concurrent Workers: 3
 Concurrent Refinement Workers: 10
 Periodic GC: Disabled
Heap:
 garbage-first heap   total 115712K, used 73970K [0x0000000080000000, 0x0000000100000000)
  region size 1024K, 5 young (5120K), 3 survivors (3072K)
 Metaspace       used 76277K, committed 78144K, reserved 1179648K
  class space    used 10325K, committed 11264K, reserved 1048576K
GC Heap History (20 events):
Event: 4.819 GC heap before
{Heap before GC invocations=15 (full 0):
 garbage-first heap   total 96256K, used 85269K [0x0000000080000000, 0x0000000100000000)
  region size 1024K, 50 young (51200K), 4 survivors (4096K)
 Metaspace       used 64777K, committed 66432K, reserved 1114112K
  class space    used 8901K, committed 9728K, reserved 1048576K
}
Event: 4.822 GC heap after
{Heap after GC invocations=16 (full 0):
 garbage-first heap   total 96256K, used 41491K [0x0000000080000000, 0x0000000100000000)
  region size 1024K, 7 young (7168K), 7 survivors (7168K)
 Metaspace       used 64777K, committed 66432K, reserved 1114112K
  class space    used 8901K, committed 9728K, reserved 1048576K
}
Event: 5.179 GC heap before
{Heap before GC invocations=16 (full 0):
 garbage-first heap   total 96256K, used 81427K [0x0000000080000000, 0x0000000100000000)
  region size 1024K, 47 young (48128K), 7 survivors (7168K)
 Metaspace       used 66128K, committed 67776K, reserved 1114112K
  class space    used 9040K, committed 9856K, reserved 1048576K
}
Event: 5.184 GC heap after
{Heap after GC invocations=17 (full 0):
 garbage-first heap   total 96256K, used 46056K [0x0000000080000000, 0x0000000100000000)
  region size 1024K, 6 young (6144K), 6 survivors (6144K)
 Metaspace       used 66128K, committed 67776K, reserved 1114112K
  class space    used 9040K, committed 9856K, reserved 1048576K
}
Event: 5.293 GC heap before
{Heap before GC invocations=17 (full 0):
 garbage-first heap   total 96256K, used 82920K [0x0000000080000000, 0x0000000100000000)
  region size 1024K, 43 young (44032K), 6 survivors (6144K)
 Metaspace       used 66486K, committed 68160K, reserved 1114112K
  class space    used 9068K, committed 9920K, reserved 1048576K
}
Event: 5.296 GC heap after
{Heap after GC invocations=18 (full 0):
 garbage-first heap   total 96256K, used 47810K [0x0000000080000000, 0x0000000100000000)
  region size 1024K, 4 young (4096K), 4 survivors (4096K)
 Metaspace       used 66486K, committed 68160K, reserved 1114112K
  class space    used 9068K, committed 9920K, reserved 1048576K
}
Event: 5.368 GC heap before
{Heap before GC invocations=18 (full 0):
 garbage-first heap   total 96256K, used 83650K [0x0000000080000000, 0x0000000100000000)
  region size 1024K, 40 young (40960K), 4 survivors (4096K)
 Metaspace       used 66702K, committed 68416K, reserved 1114112K
  class space    used 9068K, committed 9920K, reserved 1048576K
}
Event: 5.370 GC heap after
{Heap after GC invocations=19 (full 0):
 garbage-first heap   total 96256K, used 48593K [0x0000000080000000, 0x0000000100000000)
  region size 1024K, 4 young (4096K), 4 survivors (4096K)
 Metaspace       used 66702K, committed 68416K, reserved 1114112K
  class space    used 9068K, committed 9920K, reserved 1048576K
}
Event: 5.455 GC heap before
{Heap before GC invocations=20 (full 0):
 garbage-first heap   total 96256K, used 83409K [0x0000000080000000, 0x0000000100000000)
  region size 1024K, 39 young (39936K), 4 survivors (4096K)
 Metaspace       used 66773K, committed 68416K, reserved 1114112K
  class space    used 9068K, committed 9920K, reserved 1048576K
}
Event: 5.457 GC heap after
{Heap after GC invocations=21 (full 0):
 garbage-first heap   total 96256K, used 49535K [0x0000000080000000, 0x0000000100000000)
  region size 1024K, 4 young (4096K), 4 survivors (4096K)
 Metaspace       used 66773K, committed 68416K, reserved 1114112K
  class space    used 9068K, committed 9920K, reserved 1048576K
}
Event: 5.515 GC heap before
{Heap before GC invocations=21 (full 0):
 garbage-first heap   total 96256K, used 83327K [0x0000000080000000, 0x0000000100000000)
  region size 1024K, 38 young (38912K), 4 survivors (4096K)
 Metaspace       used 66780K, committed 68416K, reserved 1114112K
  class space    used 9068K, committed 9920K, reserved 1048576K
}
Event: 5.518 GC heap after
{Heap after GC invocations=22 (full 0):
 garbage-first heap   total 115712K, used 49682K [0x0000000080000000, 0x0000000100000000)
  region size 1024K, 4 young (4096K), 4 survivors (4096K)
 Metaspace       used 66780K, committed 68416K, reserved 1114112K
  class space    used 9068K, committed 9920K, reserved 1048576K
}
Event: 5.733 GC heap before
{Heap before GC invocations=22 (full 0):
 garbage-first heap   total 115712K, used 77330K [0x0000000080000000, 0x0000000100000000)
  region size 1024K, 23 young (23552K), 4 survivors (4096K)
 Metaspace       used 67454K, committed 69184K, reserved 1114112K
  class space    used 9180K, committed 10048K, reserved 1048576K
}
Event: 5.736 GC heap after
{Heap after GC invocations=23 (full 0):
 garbage-first heap   total 115712K, used 64983K [0x0000000080000000, 0x0000000100000000)
  region size 1024K, 7 young (7168K), 7 survivors (7168K)
 Metaspace       used 67454K, committed 69184K, reserved 1114112K
  class space    used 9180K, committed 10048K, reserved 1048576K
}
Event: 6.050 GC heap before
{Heap before GC invocations=24 (full 0):
 garbage-first heap   total 115712K, used 101847K [0x0000000080000000, 0x0000000100000000)
  region size 1024K, 40 young (40960K), 7 survivors (7168K)
 Metaspace       used 69916K, committed 71680K, reserved 1114112K
  class space    used 9487K, committed 10368K, reserved 1048576K
}
Event: 6.052 GC heap after
{Heap after GC invocations=25 (full 0):
 garbage-first heap   total 115712K, used 71969K [0x0000000080000000, 0x0000000100000000)
  region size 1024K, 4 young (4096K), 4 survivors (4096K)
 Metaspace       used 69916K, committed 71680K, reserved 1114112K
  class space    used 9487K, committed 10368K, reserved 1048576K
}
Event: 6.317 GC heap before
{Heap before GC invocations=25 (full 0):
 garbage-first heap   total 115712K, used 100641K [0x0000000080000000, 0x0000000100000000)
  region size 1024K, 33 young (33792K), 4 survivors (4096K)
 Metaspace       used 72915K, committed 74688K, reserved 1114112K
  class space    used 9818K, committed 10688K, reserved 1048576K
}
Event: 6.320 GC heap after
{Heap after GC invocations=26 (full 0):
 garbage-first heap   total 115712K, used 71656K [0x0000000080000000, 0x0000000100000000)
  region size 1024K, 1 young (1024K), 1 survivors (1024K)
 Metaspace       used 72915K, committed 74688K, reserved 1114112K
  class space    used 9818K, committed 10688K, reserved 1048576K
}
Event: 7.628 GC heap before
{Heap before GC invocations=26 (full 0):
 garbage-first heap   total 115712K, used 102376K [0x0000000080000000, 0x0000000100000000)
  region size 1024K, 31 young (31744K), 1 survivors (1024K)
 Metaspace       used 76158K, committed 78016K, reserved 1179648K
  class space    used 10317K, committed 11264K, reserved 1048576K
}
Event: 7.630 GC heap after
{Heap after GC invocations=27 (full 0):
 garbage-first heap   total 115712K, used 72946K [0x0000000080000000, 0x0000000100000000)
  region size 1024K, 3 young (3072K), 3 survivors (3072K)
 Metaspace       used 76158K, committed 78016K, reserved 1179648K
  class space    used 10317K, committed 11264K, reserved 1048576K
}

